2021-03-18 10:30:50,806 [black.py:59] DEBUG: AIR Cloud(ID: 790856355589783602)에서 DS .𝙿#7777(ID: 402075873790001153)가 이용자용 헬프커맨드 작동
2021-03-18 10:31:06,364 [black.py:98] DEBUG: AIR Cloud(ID: 790856355589783602)에서 DS .𝙿#7777(ID: 402075873790001153)가 이용자용 가이드커맨드 작동
2021-03-18 10:32:23,892 [black.py:892] INFO: THE BOT IS READY.
2021-03-18 10:32:23,895 [black.py:904] INFO: SUCCESSFULLY STARTED THE ACTIVITY LOOP.
2021-03-18 10:32:41,397 [black.py:98] DEBUG: AIR Cloud(ID: 790856355589783602)에서 DS .𝙿#7777(ID: 402075873790001153)가 이용자용 가이드커맨드 작동
2021-03-18 10:33:31,754 [black.py:892] INFO: THE BOT IS READY.
2021-03-18 10:33:31,756 [black.py:904] INFO: SUCCESSFULLY STARTED THE ACTIVITY LOOP.
2021-03-18 10:33:49,108 [black.py:98] DEBUG: AIR Cloud(ID: 790856355589783602)에서 DS .𝙿#7777(ID: 402075873790001153)가 이용자용 가이드커맨드 작동
2021-03-18 10:34:43,197 [black.py:892] INFO: THE BOT IS READY.
2021-03-18 10:34:43,204 [black.py:904] INFO: SUCCESSFULLY STARTED THE ACTIVITY LOOP.
2021-03-18 10:34:47,458 [black.py:98] DEBUG: AIR Cloud(ID: 790856355589783602)에서 DS .𝙿#7777(ID: 402075873790001153)가 이용자용 가이드커맨드 작동
2021-03-18 10:35:21,715 [black.py:892] INFO: THE BOT IS READY.
2021-03-18 10:35:21,717 [black.py:904] INFO: SUCCESSFULLY STARTED THE ACTIVITY LOOP.
2021-03-18 10:35:46,095 [black.py:98] DEBUG: AIR Cloud(ID: 790856355589783602)에서 DS .𝙿#7777(ID: 402075873790001153)가 이용자용 가이드커맨드 작동
2021-03-18 10:36:40,631 [black.py:78] DEBUG: AIR Cloud(ID: 790856355589783602)에서 DS .𝙿#7777(ID: 402075873790001153)가 일반인 헬프커맨드 작동
2021-03-18 10:36:45,787 [black.py:78] DEBUG: AIR Cloud(ID: 790856355589783602)에서 DS .𝙿#7777(ID: 402075873790001153)가 일반인 헬프커맨드 작동
2021-03-18 11:10:01,842 [black.py:894] INFO: THE BOT IS READY. BOT IS ADDED 2 GUILDS
2021-03-18 11:10:01,850 [black.py:904] INFO: SUCCESSFULLY STARTED THE ACTIVITY LOOP.
2021-03-18 11:12:02,467 [black.py:78] DEBUG: 「月夢」 Dev. Hestia님의 서버(ID: 819078532193189889)에서 「月夢」 Dev. Hestia#5444(ID: 681348070260211713)가 일반인 헬프커맨드 작동
2021-03-18 11:13:07,529 [black.py:572] DEBUG: 「月夢」 Dev. Hestia#5444(ID: 681348070260211713)에 의해 BLACKBOT#8191(ID: 800825993903603735)유저가 성공적으로 개발자에게 신고됨.
세부사항: Hello, DS!
2021-03-18 11:13:46,587 [black.py:593] DEBUG: 「月夢」 Dev. Hestia#5444(ID: 681348070260211713)에 의해 개발자에게 건의사항이 전달됨.
세부사항: Hello, DS!
2021-03-18 13:45:19,920 [black.py:926] INFO: THE BOT IS READY. BOT IS ADDED 3 GUILDS
2021-03-18 13:45:19,926 [black.py:936] INFO: SUCCESSFULLY STARTED THE ACTIVITY LOOP.
2021-03-18 13:47:11,443 [black.py:928] INFO: THE BOT IS READY. BOT IS ADDED 2 GUILDS
2021-03-18 13:47:11,444 [black.py:938] INFO: SUCCESSFULLY STARTED THE ACTIVITY LOOP.
2021-03-18 13:52:56,858 [black.py:928] INFO: THE BOT IS READY. BOT IS ADDED 3 GUILDS
2021-03-18 13:52:56,860 [black.py:938] INFO: SUCCESSFULLY STARTED THE ACTIVITY LOOP.
2021-03-18 14:07:10,073 [black.py:928] INFO: THE BOT IS READY. BOT IS ADDED 3 GUILDS
2021-03-18 14:07:10,074 [black.py:938] INFO: SUCCESSFULLY STARTED THE ACTIVITY LOOP.
2021-03-18 14:31:14,262 [black.py:929] INFO: THE BOT IS READY. BOT IS ADDED 2 GUILDS
2021-03-18 14:31:14,262 [black.py:939] INFO: SUCCESSFULLY STARTED THE ACTIVITY LOOP.
2021-03-18 15:49:15,717 [black.py:928] INFO: THE BOT IS READY. BOT IS ADDED 3 GUILDS
2021-03-18 15:49:15,718 [black.py:938] INFO: SUCCESSFULLY STARTED THE ACTIVITY LOOP.
2021-03-19 16:03:41,014 [black.py:929] INFO: THE BOT IS READY. BOT IS ADDED 3 GUILDS
2021-03-19 16:03:41,031 [black.py:939] INFO: SUCCESSFULLY STARTED THE ACTIVITY LOOP.
2021-03-19 16:18:25,788 [black.py:916] INFO: THE BOT IS READY. BOT IS ADDED 3 GUILDS
2021-03-19 16:18:25,788 [black.py:926] INFO: SUCCESSFULLY STARTED THE ACTIVITY LOOP.
2021-03-19 16:31:51,381 [black.py:932] INFO: THE BOT IS READY. BOT IS ADDED 3 GUILDS
2021-03-19 16:31:51,382 [black.py:942] INFO: SUCCESSFULLY STARTED THE ACTIVITY LOOP.
2021-03-19 16:33:23,144 [black.py:935] INFO: THE BOT IS READY. BOT IS ADDED 3 GUILDS
2021-03-19 16:33:23,145 [black.py:945] INFO: SUCCESSFULLY STARTED THE ACTIVITY LOOP.
2021-03-19 17:00:32,324 [black.py:936] INFO: THE BOT IS READY. BOT IS ADDED 3 GUILDS
2021-03-19 17:00:32,326 [black.py:946] INFO: SUCCESSFULLY STARTED THE ACTIVITY LOOP.
2021-03-19 17:01:08,657 [black.py:78] DEBUG: 테스트섭(ID: 800188454948306944)에서 웅범#4526(ID: 267658832291823626)가 일반인 헬프커맨드 작동
2021-03-19 17:10:19,354 [black.py:951] INFO: THE BOT IS READY. BOT IS ADDED 3 GUILDS
2021-03-19 17:10:19,354 [black.py:961] INFO: SUCCESSFULLY STARTED THE ACTIVITY LOOP.
2021-03-19 17:16:26,417 [black.py:966] INFO: THE BOT IS READY. BOT IS ADDED 3 GUILDS
2021-03-19 17:16:26,420 [black.py:976] INFO: SUCCESSFULLY STARTED THE ACTIVITY LOOP.
2021-03-19 17:39:58,543 [black.py:253] INFO: DS .𝙿#7777(ID: 402075873790001153)에 의해 DS .𝙿#7777(ID: 402075873790001153)유저가 성공적으로 블랙리스트에서 수정됨.
세부사항: reason-ㅎㅇ
2021-03-19 17:40:53,361 [black.py:602] DEBUG: DS .𝙿#7777(ID: 402075873790001153)에 의해 제로니#6835(ID: 763246275902308352)유저가 성공적으로 개발자에게 신고됨.
세부사항: 
2021-03-19 18:04:45,564 [black.py:978] INFO: THE BOT IS READY. BOT IS ADDED 3 GUILDS
2021-03-19 18:04:45,566 [black.py:988] INFO: SUCCESSFULLY STARTED THE ACTIVITY LOOP.
2021-03-20 11:31:39,768 [black.py:978] INFO: THE BOT IS READY. BOT IS ADDED 3 GUILDS
2021-03-20 11:31:39,768 [black.py:988] INFO: SUCCESSFULLY STARTED THE ACTIVITY LOOP.
2021-03-20 12:52:53,048 [black.py:984] INFO: THE BOT IS READY. BOT IS ADDED 3 GUILDS
2021-03-20 12:52:53,050 [black.py:994] INFO: SUCCESSFULLY STARTED THE ACTIVITY LOOP.
2021-03-20 13:20:31,303 [black.py:187] INFO: DS .𝙿#7777(ID: 402075873790001153)에 의해 INTHEBUILDING#2160(ID: 703248821299183697)유저가 성공적으로 블랙리스트에 등재됨.
세부사항: 테스트
2021-03-20 13:21:16,498 [black.py:984] INFO: THE BOT IS READY. BOT IS ADDED 3 GUILDS
2021-03-20 13:21:16,501 [black.py:994] INFO: SUCCESSFULLY STARTED THE ACTIVITY LOOP.
2021-03-20 13:22:03,256 [black.py:984] INFO: THE BOT IS READY. BOT IS ADDED 3 GUILDS
2021-03-20 13:22:03,257 [black.py:994] INFO: SUCCESSFULLY STARTED THE ACTIVITY LOOP.
